\BOOKMARK [0][-]{section*.2}{\376\377\000C\000o\000n\000s\000t\000r\000a\000i\000n\000t\000s\000\040\000o\000n\000\040\000i\000n\000f\000l\000a\000t\000i\000o\000n\000\040\000f\000r\000o\000m\000\040\000s\000c\000a\000l\000e\000-\000i\000n\000v\000a\000r\000i\000a\000n\000t\000\040\000g\000r\000a\000v\000i\000t\000y}{}% 2
\BOOKMARK [1][-]{section*.1}{\376\377\000A\000b\000s\000t\000r\000a\000c\000t}{section*.2}% 1
\BOOKMARK [1][-]{section.1}{\376\377\000I\000N\000T\000R\000O\000D\000U\000C\000T\000I\000O\000N}{section*.2}% 3
\BOOKMARK [1][-]{section.2}{\376\377\000I\000n\000f\000l\000a\000t\000i\000o\000n}{section*.2}% 4
\BOOKMARK [2][-]{subsection.2.1}{\376\377\000C\000a\000n\000o\000n\000i\000c\000a\000l\000\040\000S\000c\000a\000l\000a\000r\000\040\000F\000i\000e\000l\000d\000\040\000I\000n\000f\000l\000a\000t\000i\000o\000n}{section.2}% 5
\BOOKMARK [2][-]{subsection.2.2}{\376\377\000S\000l\000o\000w\000\040\000R\000o\000l\000l\000\040\000I\000n\000f\000l\000a\000t\000i\000o\000n}{section.2}% 6
\BOOKMARK [2][-]{subsection.2.3}{\376\377\000I\000n\000f\000l\000a\000t\000i\000o\000n\000a\000r\000y\000\040\000O\000b\000s\000e\000r\000v\000a\000b\000l\000e\000s}{section.2}% 7
\BOOKMARK [1][-]{section.3}{\376\377\000S\000c\000a\000l\000e\000\040\000I\000n\000v\000a\000r\000i\000a\000n\000t\000\040\000G\000r\000a\000v\000i\000t\000y}{section*.2}% 8
\BOOKMARK [1][-]{section.4}{\376\377\000T\000h\000e\000\040\000I\000n\000f\000l\000a\000t\000o\000n\000\040\000A\000c\000t\000i\000o\000n}{section*.2}% 9
\BOOKMARK [2][-]{subsection.4.1}{\376\377\000A\000s\000y\000m\000p\000t\000o\000t\000i\000c\000\040\000L\000i\000m\000i\000t\000s}{section.4}% 10
\BOOKMARK [2][-]{subsection.4.2}{\376\377\000S\000i\000m\000p\000l\000i\000f\000i\000c\000a\000t\000i\000o\000n\000\040\000o\000f\000\040\000t\000h\000e\000\040\000m\000o\000d\000e\000l}{section.4}% 11
\BOOKMARK [1][-]{section.5}{\376\377\000C\000O\000N\000C\000L\000U\000S\000I\000O\000N}{section*.2}% 12
\BOOKMARK [1][-]{appendix.A}{\376\377\000T\000r\000a\000n\000s\000l\000a\000t\000i\000n\000g\000\040\000v\000a\000r\000i\000a\000b\000l\000e\000s\000\040\000f\000r\000o\000m\000\040\000S\000a\000l\000v\000i\000o\000\040\000t\000o\000\040\000B\000a\000r\000k\000e\000r}{section*.2}% 13
\BOOKMARK [1][-]{appendix.B}{\376\377\000N\000o\000n\000-\000C\000a\000n\000o\000n\000i\000c\000a\000l\000\040\000S\000c\000a\000l\000a\000r\000\040\000F\000i\000e\000l\000d\000\040\000I\000n\000f\000l\000a\000t\000i\000o\000n}{section*.2}% 14
\BOOKMARK [2][-]{subsubsection.B.0.1}{\376\377\000S\000l\000o\000w\000\040\000R\000o\000l\000l\000\040\000I\000n\000f\000l\000a\000t\000i\000o\000n\000\040\000f\000o\000r\000\040\000n\000o\000n\000c\000a\000n\000o\000n\000i\000c\000a\000l\000\040\000s\000c\000a\000l\000a\000r\000\040\000f\000i\000e\000l\000d}{appendix.B}% 15
\BOOKMARK [1][-]{appendix.C}{\376\377\0003\000+\0001\000\040\000d\000e\000c\000o\000m\000p\000o\000s\000i\000t\000i\000o\000n\000\040\000o\000f\000\040\000s\000p\000a\000c\000e\000t\000i\000m\000e}{section*.2}% 16
\BOOKMARK [1][-]{appendix.D}{\376\377\000C\000o\000n\000f\000o\000r\000m\000a\000l\000\040\000T\000r\000a\000n\000s\000f\000o\000r\000m\000a\000t\000i\000o\000n\000s}{section*.2}% 17
\BOOKMARK [1][-]{appendix.E}{\376\377\000M\000a\000p\000p\000i\000n\000g\000\040\000o\000f\000\040\000P\000a\000r\000a\000m\000e\000t\000e\000r\000s}{section*.2}% 18
\BOOKMARK [1][-]{appendix.F}{\376\377\000A\000\040\000P\000r\000i\000m\000e\000r\000\040\000o\000n\000\040\000I\000n\000f\000l\000a\000t\000o\000n}{section*.2}% 19
\BOOKMARK [2][-]{subsection.F.1}{\376\377\000H\000o\000r\000i\000z\000o\000n\000\040\000P\000r\000o\000b\000l\000e\000m}{appendix.F}% 20
\BOOKMARK [2][-]{subsection.F.2}{\376\377\000F\000l\000a\000t\000n\000e\000s\000s\000\040\000P\000r\000o\000b\000l\000e\000m}{appendix.F}% 21
